New log file opened at Thu Mar 23 22:58:16 GMT 2017 by 11742@LM-HMRC
== resolving dependencies org.scala-sbt#compiler-ivy-integration;0.13.8->org.scala-sbt#compile;0.13.8 [compile->default(compile)]
== resolving dependencies org.scala-sbt#actions;0.13.8->org.scala-sbt#interface;0.13.8 [compile->default(compile)]
== resolving dependencies org.scala-sbt#actions;0.13.8->org.scala-sbt#io;0.13.8 [compile->default(compile)]
== resolving dependencies org.scala-sbt#actions;0.13.8->org.scala-sbt#ivy;0.13.8 [compile->default(compile)]
== resolving dependencies org.scala-sbt#actions;0.13.8->org.scala-sbt#logging;0.13.8 [compile->default(compile)]
== resolving dependencies org.scala-sbt#actions;0.13.8->org.scala-sbt#process;0.13.8 [compile->default(compile)]
== resolving dependencies org.scala-sbt#actions;0.13.8->org.scala-sbt#run;0.13.8 [compile->default(compile)]
== resolving dependencies org.scala-sbt#run;0.13.8->org.scala-lang#scala-library;2.10.4 [compile->default(compile)]
== resolving dependencies org.scala-sbt#run;0.13.8->org.scala-lang#scala-library;2.10.4 [compile->runtime]
== resolving dependencies org.scala-sbt#run;0.13.8->org.scala-lang#scala-library;2.10.4 [compile->compile]
== resolving dependencies org.scala-sbt#run;0.13.8->org.scala-lang#scala-library;2.10.4 [compile->master]
== resolving dependencies org.scala-sbt#run;0.13.8->org.scala-sbt#io;0.13.8 [compile->default(compile)]
== resolving dependencies org.scala-sbt#run;0.13.8->org.scala-sbt#logging;0.13.8 [compile->default(compile)]
== resolving dependencies org.scala-sbt#run;0.13.8->org.scala-sbt#classpath;0.13.8 [compile->default(compile)]
== resolving dependencies org.scala-sbt#run;0.13.8->org.scala-sbt#process;0.13.8 [compile->default(compile)]
== resolving dependencies org.scala-sbt#actions;0.13.8->org.scala-sbt#relation;0.13.8 [compile->default(compile)]
== resolving dependencies org.scala-sbt#actions;0.13.8->org.scala-sbt#task-system;0.13.8 [compile->default(compile)]
== resolving dependencies org.scala-sbt#task-system;0.13.8->org.scala-lang#scala-library;2.10.4 [compile->default(compile)]
== resolving dependencies org.scala-sbt#task-system;0.13.8->org.scala-lang#scala-library;2.10.4 [compile->runtime]
== resolving dependencies org.scala-sbt#task-system;0.13.8->org.scala-lang#scala-library;2.10.4 [compile->compile]
== resolving dependencies org.scala-sbt#task-system;0.13.8->org.scala-lang#scala-library;2.10.4 [compile->master]
== resolving dependencies org.scala-sbt#task-system;0.13.8->org.scala-sbt#tasks;0.13.8 [compile->default(compile)]
== resolving dependencies org.scala-sbt#tasks;0.13.8->org.scala-lang#scala-library;2.10.4 [compile->default(compile)]
== resolving dependencies org.scala-sbt#tasks;0.13.8->org.scala-lang#scala-library;2.10.4 [compile->runtime]
== resolving dependencies org.scala-sbt#tasks;0.13.8->org.scala-lang#scala-library;2.10.4 [compile->compile]
== resolving dependencies org.scala-sbt#tasks;0.13.8->org.scala-lang#scala-library;2.10.4 [compile->master]
== resolving dependencies org.scala-sbt#tasks;0.13.8->org.scala-sbt#control;0.13.8 [compile->default(compile)]
== resolving dependencies org.scala-sbt#tasks;0.13.8->org.scala-sbt#collections;0.13.8 [compile->default(compile)]
== resolving dependencies org.scala-sbt#task-system;0.13.8->org.scala-sbt#collections;0.13.8 [compile->default(compile)]
== resolving dependencies org.scala-sbt#task-system;0.13.8->org.scala-sbt#logging;0.13.8 [compile->default(compile)]
== resolving dependencies org.scala-sbt#task-system;0.13.8->org.scala-sbt#io;0.13.8 [compile->default(compile)]
== resolving dependencies org.scala-sbt#task-system;0.13.8->org.scala-sbt#process;0.13.8 [compile->default(compile)]
== resolving dependencies org.scala-sbt#actions;0.13.8->org.scala-sbt#tasks;0.13.8 [compile->default(compile)]
== resolving dependencies org.scala-sbt#actions;0.13.8->org.scala-sbt#tracking;0.13.8 [compile->default(compile)]
== resolving dependencies org.scala-sbt#tracking;0.13.8->org.scala-lang#scala-library;2.10.4 [compile->default(compile)]
== resolving dependencies org.scala-sbt#tracking;0.13.8->org.scala-lang#scala-library;2.10.4 [compile->runtime]
== resolving dependencies org.scala-sbt#tracking;0.13.8->org.scala-lang#scala-library;2.10.4 [compile->compile]
== resolving dependencies org.scala-sbt#tracking;0.13.8->org.scala-lang#scala-library;2.10.4 [compile->master]
== resolving dependencies org.scala-sbt#tracking;0.13.8->org.scala-sbt#cache;0.13.8 [compile->default(compile)]
== resolving dependencies org.scala-sbt#cache;0.13.8->org.scala-lang#scala-library;2.10.4 [compile->default(compile)]
== resolving dependencies org.scala-sbt#cache;0.13.8->org.scala-lang#scala-library;2.10.4 [compile->runtime]
== resolving dependencies org.scala-sbt#cache;0.13.8->org.scala-lang#scala-library;2.10.4 [compile->compile]
== resolving dependencies org.scala-sbt#cache;0.13.8->org.scala-lang#scala-library;2.10.4 [compile->master]
== resolving dependencies org.scala-sbt#cache;0.13.8->org.scala-sbt#io;0.13.8 [compile->default(compile)]
== resolving dependencies org.scala-sbt#cache;0.13.8->org.scala-sbt#collections;0.13.8 [compile->default(compile)]
== resolving dependencies org.scala-sbt#cache;0.13.8->org.scala-tools.sbinary#sbinary_2.10;0.4.2 [compile->default(compile)]
== resolving dependencies org.scala-sbt#cache;0.13.8->org.scala-sbt#serialization_2.10;0.1.1 [compile->default(compile)]
== resolving dependencies org.scala-sbt#tracking;0.13.8->org.scala-sbt#io;0.13.8 [compile->default(compile)]
== resolving dependencies org.scala-sbt#actions;0.13.8->org.scala-sbt#testing;0.13.8 [compile->default(compile)]
== resolving dependencies org.scala-sbt#testing;0.13.8->org.scala-lang#scala-library;2.10.4 [compile->default(compile)]
== resolving dependencies org.scala-sbt#testing;0.13.8->org.scala-lang#scala-library;2.10.4 [compile->runtime]
== resolving dependencies org.scala-sbt#testing;0.13.8->org.scala-lang#scala-library;2.10.4 [compile->compile]
== resolving dependencies org.scala-sbt#testing;0.13.8->org.scala-lang#scala-library;2.10.4 [compile->master]
== resolving dependencies org.scala-sbt#testing;0.13.8->org.scala-sbt#io;0.13.8 [compile->default(compile)]
== resolving dependencies org.scala-sbt#testing;0.13.8->org.scala-sbt#classpath;0.13.8 [compile->default(compile)]
== resolving dependencies org.scala-sbt#testing;0.13.8->org.scala-sbt#logging;0.13.8 [compile->default(compile)]
== resolving dependencies org.scala-sbt#testing;0.13.8->org.scala-sbt#launcher-interface;0.13.8 [compile->default(compile)]
== resolving dependencies org.scala-sbt#testing;0.13.8->org.scala-sbt#test-agent;0.13.8 [compile->default(compile)]
== resolving dependencies org.scala-sbt#test-agent;0.13.8->org.scala-lang#scala-library;2.10.4 [compile->default(compile)]
== resolving dependencies org.scala-sbt#test-agent;0.13.8->org.scala-lang#scala-library;2.10.4 [compile->runtime]
== resolving dependencies org.scala-sbt#test-agent;0.13.8->org.scala-lang#scala-library;2.10.4 [compile->compile]
== resolving dependencies org.scala-sbt#test-agent;0.13.8->org.scala-lang#scala-library;2.10.4 [compile->master]
== resolving dependencies org.scala-sbt#test-agent;0.13.8->org.scala-sbt#test-interface;1.0 [compile->default(compile)]
== resolving dependencies org.scala-sbt#test-agent;0.13.8->org.scala-sbt#test-interface;1.0 [compile->runtime]
== resolving dependencies org.scala-sbt#test-agent;0.13.8->org.scala-sbt#test-interface;1.0 [compile->compile]
== resolving dependencies org.scala-sbt#test-agent;0.13.8->org.scala-sbt#test-interface;1.0 [compile->master]
== resolving dependencies org.scala-sbt#testing;0.13.8->org.scala-sbt#test-interface;1.0 [compile->default(compile)]
== resolving dependencies org.scala-sbt#testing;0.13.8->org.scala-sbt#test-interface;1.0 [compile->runtime]
== resolving dependencies org.scala-sbt#testing;0.13.8->org.scala-sbt#test-interface;1.0 [compile->compile]
== resolving dependencies org.scala-sbt#testing;0.13.8->org.scala-sbt#test-interface;1.0 [compile->master]
== resolving dependencies org.scala-sbt#main;0.13.8->org.scala-sbt#main-settings;0.13.8 [compile->default(compile)]
== resolving dependencies org.scala-sbt#main-settings;0.13.8->org.scala-lang#scala-library;2.10.4 [compile->default(compile)]
== resolving dependencies org.scala-sbt#main-settings;0.13.8->org.scala-lang#scala-library;2.10.4 [compile->runtime]
== resolving dependencies org.scala-sbt#main-settings;0.13.8->org.scala-lang#scala-library;2.10.4 [compile->compile]
== resolving dependencies org.scala-sbt#main-settings;0.13.8->org.scala-lang#scala-library;2.10.4 [compile->master]
== resolving dependencies org.scala-sbt#main-settings;0.13.8->org.scala-sbt#apply-macro;0.13.8 [compile->default(compile)]
== resolving dependencies org.scala-sbt#apply-macro;0.13.8->org.scala-lang#scala-compiler;2.10.4 [compile->default(compile)]
== resolving dependencies org.scala-sbt#apply-macro;0.13.8->org.scala-lang#scala-compiler;2.10.4 [compile->runtime]
== resolving dependencies org.scala-sbt#apply-macro;0.13.8->org.scala-lang#scala-compiler;2.10.4 [compile->compile]
== resolving dependencies org.scala-sbt#apply-macro;0.13.8->org.scala-lang#scala-compiler;2.10.4 [compile->master]
== resolving dependencies org.scala-sbt#apply-macro;0.13.8->org.scala-lang#scala-library;2.10.4 [compile->default(compile)]
== resolving dependencies org.scala-sbt#apply-macro;0.13.8->org.scala-lang#scala-library;2.10.4 [compile->runtime]
== resolving dependencies org.scala-sbt#apply-macro;0.13.8->org.scala-lang#scala-library;2.10.4 [compile->compile]
== resolving dependencies org.scala-sbt#apply-macro;0.13.8->org.scala-lang#scala-library;2.10.4 [compile->master]
== resolving dependencies org.scala-sbt#apply-macro;0.13.8->org.scala-sbt#collections;0.13.8 [compile->default(compile)]
== resolving dependencies org.scala-sbt#main-settings;0.13.8->org.scala-sbt#interface;0.13.8 [compile->default(compile)]
== resolving dependencies org.scala-sbt#main-settings;0.13.8->org.scala-sbt#ivy;0.13.8 [compile->default(compile)]
== resolving dependencies org.scala-sbt#main-settings;0.13.8->org.scala-sbt#relation;0.13.8 [compile->default(compile)]
== resolving dependencies org.scala-sbt#main-settings;0.13.8->org.scala-sbt#logging;0.13.8 [compile->default(compile)]
== resolving dependencies org.scala-sbt#main-settings;0.13.8->org.scala-sbt#io;0.13.8 [compile->default(compile)]
== resolving dependencies org.scala-sbt#main-settings;0.13.8->org.scala-sbt#command;0.13.8 [compile->default(compile)]
== resolving dependencies org.scala-sbt#command;0.13.8->org.scala-lang#scala-library;2.10.4 [compile->default(compile)]
== resolving dependencies org.scala-sbt#command;0.13.8->org.scala-lang#scala-library;2.10.4 [compile->runtime]
== resolving dependencies org.scala-sbt#command;0.13.8->org.scala-lang#scala-library;2.10.4 [compile->compile]
== resolving dependencies org.scala-sbt#command;0.13.8->org.scala-lang#scala-library;2.10.4 [compile->master]
== resolving dependencies org.scala-sbt#command;0.13.8->org.scala-sbt#interface;0.13.8 [compile->default(compile)]
== resolving dependencies org.scala-sbt#command;0.13.8->org.scala-sbt#io;0.13.8 [compile->default(compile)]
== resolving dependencies org.scala-sbt#command;0.13.8->org.scala-sbt#launcher-interface;0.13.8 [compile->default(compile)]
== resolving dependencies org.scala-sbt#command;0.13.8->org.scala-sbt#logging;0.13.8 [compile->default(compile)]
== resolving dependencies org.scala-sbt#command;0.13.8->org.scala-sbt#completion;0.13.8 [compile->default(compile)]
== resolving dependencies org.scala-sbt#command;0.13.8->org.scala-sbt#classpath;0.13.8 [compile->default(compile)]
== resolving dependencies org.scala-sbt#command;0.13.8->org.scala-sbt#cross;0.13.8 [compile->default(compile)]
== resolving dependencies org.scala-sbt#main-settings;0.13.8->org.scala-sbt#completion;0.13.8 [compile->default(compile)]
== resolving dependencies org.scala-sbt#main-settings;0.13.8->org.scala-sbt#classpath;0.13.8 [compile->default(compile)]
== resolving dependencies org.scala-sbt#main-settings;0.13.8->org.scala-sbt#task-system;0.13.8 [compile->default(compile)]
== resolving dependencies org.scala-sbt#main-settings;0.13.8->org.scala-sbt#process;0.13.8 [compile->default(compile)]
== resolving dependencies org.scala-sbt#main-settings;0.13.8->org.scala-tools.sbinary#sbinary_2.10;0.4.2 [compile->default(compile)]
== resolving dependencies org.scala-sbt#main;0.13.8->org.scala-sbt#interface;0.13.8 [compile->default(compile)]
== resolving dependencies org.scala-sbt#main;0.13.8->org.scala-sbt#io;0.13.8 [compile->default(compile)]
== resolving dependencies org.scala-sbt#main;0.13.8->org.scala-sbt#ivy;0.13.8 [compile->default(compile)]
== resolving dependencies org.scala-sbt#main;0.13.8->org.scala-sbt#launcher-interface;0.13.8 [compile->default(compile)]
== resolving dependencies org.scala-sbt#main;0.13.8->org.scala-sbt#logging;0.13.8 [compile->default(compile)]
== resolving dependencies org.scala-sbt#main;0.13.8->org.scala-sbt#logic;0.13.8 [compile->default(compile)]
== resolving dependencies org.scala-sbt#logic;0.13.8->org.scala-lang#scala-library;2.10.4 [compile->default(compile)]
== resolving dependencies org.scala-sbt#logic;0.13.8->org.scala-lang#scala-library;2.10.4 [compile->runtime]
== resolving dependencies org.scala-sbt#logic;0.13.8->org.scala-lang#scala-library;2.10.4 [compile->compile]
== resolving dependencies org.scala-sbt#logic;0.13.8->org.scala-lang#scala-library;2.10.4 [compile->master]
== resolving dependencies org.scala-sbt#logic;0.13.8->org.scala-sbt#collections;0.13.8 [compile->default(compile)]
== resolving dependencies org.scala-sbt#logic;0.13.8->org.scala-sbt#relation;0.13.8 [compile->default(compile)]
== resolving dependencies org.scala-sbt#main;0.13.8->org.scala-sbt#process;0.13.8 [compile->default(compile)]
== resolving dependencies org.scala-sbt#main;0.13.8->org.scala-sbt#run;0.13.8 [compile->default(compile)]
== resolving dependencies org.scala-sbt#main;0.13.8->org.scala-sbt#command;0.13.8 [compile->default(compile)]
== resolving dependencies org.scala-sbt#sbt;0.13.8->org.scala-sbt#compiler-interface;0.13.8 [compile->default(compile)]
== resolving dependencies org.scala-sbt#compiler-interface;0.13.8->org.scala-lang#scala-library;2.10.4 [compile->default(compile)]
== resolving dependencies org.scala-sbt#compiler-interface;0.13.8->org.scala-lang#scala-library;2.10.4 [compile->runtime]
== resolving dependencies org.scala-sbt#compiler-interface;0.13.8->org.scala-lang#scala-library;2.10.4 [compile->compile]
== resolving dependencies org.scala-sbt#compiler-interface;0.13.8->org.scala-lang#scala-library;2.10.4 [compile->master]
== resolving dependencies org.scala-sbt#compiler-interface;0.13.8->org.scala-sbt#interface;0.13.8 [compile->default(compile)]
== resolving dependencies org.scala-sbt#sbt;0.13.8->org.scala-sbt#precompiled-2_8_2;0.13.8 [compile->default(compile)]
dependency descriptor has been mediated: dependency: org.scala-lang#scala-compiler;2.8.2 {provided=[default(compile)]} => dependency: org.scala-lang#scala-compiler;2.10.4 {provided=[default(compile)]}
dependency descriptor has been mediated: dependency: org.scala-lang#scala-library;2.8.2 {compile=[default(compile)]} => dependency: org.scala-lang#scala-library;2.10.4 {compile=[default(compile)]}
== resolving dependencies org.scala-sbt#precompiled-2_8_2;0.13.8->org.scala-lang#scala-library;2.10.4 [compile->default(compile)]
dependency descriptor has been mediated: dependency: org.scala-lang#scala-compiler;2.8.2 {provided=[default(compile)]} => dependency: org.scala-lang#scala-compiler;2.10.4 {provided=[default(compile)]}
dependency descriptor has been mediated: dependency: org.scala-lang#scala-library;2.8.2 {compile=[default(compile)]} => dependency: org.scala-lang#scala-library;2.10.4 {compile=[default(compile)]}
dependency descriptor has been mediated: dependency: org.scala-lang#scala-compiler;2.8.2 {provided=[default(compile)]} => dependency: org.scala-lang#scala-compiler;2.10.4 {provided=[default(compile)]}
dependency descriptor has been mediated: dependency: org.scala-lang#scala-library;2.8.2 {compile=[default(compile)]} => dependency: org.scala-lang#scala-library;2.10.4 {compile=[default(compile)]}
== resolving dependencies org.scala-sbt#precompiled-2_8_2;0.13.8->org.scala-lang#scala-library;2.10.4 [compile->runtime]
== resolving dependencies org.scala-sbt#precompiled-2_8_2;0.13.8->org.scala-lang#scala-library;2.10.4 [compile->compile]
== resolving dependencies org.scala-sbt#precompiled-2_8_2;0.13.8->org.scala-lang#scala-library;2.10.4 [compile->master]
== resolving dependencies org.scala-sbt#precompiled-2_8_2;0.13.8->org.scala-sbt#interface;0.13.8 [compile->default(compile)]
dependency descriptor has been mediated: dependency: org.scala-lang#scala-compiler;2.8.2 {provided=[default(compile)]} => dependency: org.scala-lang#scala-compiler;2.10.4 {provided=[default(compile)]}
dependency descriptor has been mediated: dependency: org.scala-lang#scala-library;2.8.2 {compile=[default(compile)]} => dependency: org.scala-lang#scala-library;2.10.4 {compile=[default(compile)]}
dependency descriptor has been mediated: dependency: org.scala-lang#scala-compiler;2.8.2 {provided=[default(compile)]} => dependency: org.scala-lang#scala-compiler;2.10.4 {provided=[default(compile)]}
dependency descriptor has been mediated: dependency: org.scala-lang#scala-library;2.8.2 {compile=[default(compile)]} => dependency: org.scala-lang#scala-library;2.10.4 {compile=[default(compile)]}
== resolving dependencies org.scala-sbt#sbt;0.13.8->org.scala-sbt#precompiled-2_9_2;0.13.8 [compile->default(compile)]
dependency descriptor has been mediated: dependency: org.scala-lang#scala-compiler;2.9.2 {provided=[default(compile)]} => dependency: org.scala-lang#scala-compiler;2.10.4 {provided=[default(compile)]}
dependency descriptor has been mediated: dependency: org.scala-lang#scala-library;2.9.2 {compile=[default(compile)]} => dependency: org.scala-lang#scala-library;2.10.4 {compile=[default(compile)]}
== resolving dependencies org.scala-sbt#precompiled-2_9_2;0.13.8->org.scala-lang#scala-library;2.10.4 [compile->default(compile)]
dependency descriptor has been mediated: dependency: org.scala-lang#scala-compiler;2.9.2 {provided=[default(compile)]} => dependency: org.scala-lang#scala-compiler;2.10.4 {provided=[default(compile)]}
dependency descriptor has been mediated: dependency: org.scala-lang#scala-library;2.9.2 {compile=[default(compile)]} => dependency: org.scala-lang#scala-library;2.10.4 {compile=[default(compile)]}
dependency descriptor has been mediated: dependency: org.scala-lang#scala-compiler;2.9.2 {provided=[default(compile)]} => dependency: org.scala-lang#scala-compiler;2.10.4 {provided=[default(compile)]}
dependency descriptor has been mediated: dependency: org.scala-lang#scala-library;2.9.2 {compile=[default(compile)]} => dependency: org.scala-lang#scala-library;2.10.4 {compile=[default(compile)]}
== resolving dependencies org.scala-sbt#precompiled-2_9_2;0.13.8->org.scala-lang#scala-library;2.10.4 [compile->runtime]
== resolving dependencies org.scala-sbt#precompiled-2_9_2;0.13.8->org.scala-lang#scala-library;2.10.4 [compile->compile]
== resolving dependencies org.scala-sbt#precompiled-2_9_2;0.13.8->org.scala-lang#scala-library;2.10.4 [compile->master]
== resolving dependencies org.scala-sbt#precompiled-2_9_2;0.13.8->org.scala-sbt#interface;0.13.8 [compile->default(compile)]
dependency descriptor has been mediated: dependency: org.scala-lang#scala-compiler;2.9.2 {provided=[default(compile)]} => dependency: org.scala-lang#scala-compiler;2.10.4 {provided=[default(compile)]}
dependency descriptor has been mediated: dependency: org.scala-lang#scala-library;2.9.2 {compile=[default(compile)]} => dependency: org.scala-lang#scala-library;2.10.4 {compile=[default(compile)]}
dependency descriptor has been mediated: dependency: org.scala-lang#scala-compiler;2.9.2 {provided=[default(compile)]} => dependency: org.scala-lang#scala-compiler;2.10.4 {provided=[default(compile)]}
dependency descriptor has been mediated: dependency: org.scala-lang#scala-library;2.9.2 {compile=[default(compile)]} => dependency: org.scala-lang#scala-library;2.10.4 {compile=[default(compile)]}
== resolving dependencies org.scala-sbt#sbt;0.13.8->org.scala-sbt#precompiled-2_9_3;0.13.8 [compile->default(compile)]
dependency descriptor has been mediated: dependency: org.scala-lang#scala-compiler;2.9.3 {provided=[default(compile)]} => dependency: org.scala-lang#scala-compiler;2.10.4 {provided=[default(compile)]}
dependency descriptor has been mediated: dependency: org.scala-lang#scala-library;2.9.3 {compile=[default(compile)]} => dependency: org.scala-lang#scala-library;2.10.4 {compile=[default(compile)]}
== resolving dependencies org.scala-sbt#precompiled-2_9_3;0.13.8->org.scala-lang#scala-library;2.10.4 [compile->default(compile)]
dependency descriptor has been mediated: dependency: org.scala-lang#scala-compiler;2.9.3 {provided=[default(compile)]} => dependency: org.scala-lang#scala-compiler;2.10.4 {provided=[default(compile)]}
dependency descriptor has been mediated: dependency: org.scala-lang#scala-library;2.9.3 {compile=[default(compile)]} => dependency: org.scala-lang#scala-library;2.10.4 {compile=[default(compile)]}
dependency descriptor has been mediated: dependency: org.scala-lang#scala-compiler;2.9.3 {provided=[default(compile)]} => dependency: org.scala-lang#scala-compiler;2.10.4 {provided=[default(compile)]}
dependency descriptor has been mediated: dependency: org.scala-lang#scala-library;2.9.3 {compile=[default(compile)]} => dependency: org.scala-lang#scala-library;2.10.4 {compile=[default(compile)]}
== resolving dependencies org.scala-sbt#precompiled-2_9_3;0.13.8->org.scala-lang#scala-library;2.10.4 [compile->runtime]
== resolving dependencies org.scala-sbt#precompiled-2_9_3;0.13.8->org.scala-lang#scala-library;2.10.4 [compile->compile]
== resolving dependencies org.scala-sbt#precompiled-2_9_3;0.13.8->org.scala-lang#scala-library;2.10.4 [compile->master]
== resolving dependencies org.scala-sbt#precompiled-2_9_3;0.13.8->org.scala-sbt#interface;0.13.8 [compile->default(compile)]
dependency descriptor has been mediated: dependency: org.scala-lang#scala-compiler;2.9.3 {provided=[default(compile)]} => dependency: org.scala-lang#scala-compiler;2.10.4 {provided=[default(compile)]}
dependency descriptor has been mediated: dependency: org.scala-lang#scala-library;2.9.3 {compile=[default(compile)]} => dependency: org.scala-lang#scala-library;2.10.4 {compile=[default(compile)]}
dependency descriptor has been mediated: dependency: org.scala-lang#scala-compiler;2.9.3 {provided=[default(compile)]} => dependency: org.scala-lang#scala-compiler;2.10.4 {provided=[default(compile)]}
dependency descriptor has been mediated: dependency: org.scala-lang#scala-library;2.9.3 {compile=[default(compile)]} => dependency: org.scala-lang#scala-library;2.10.4 {compile=[default(compile)]}
resolving dependencies for configuration 'plugin'
== resolving dependencies for default#accom-build;0.1-SNAPSHOT [plugin]
resolving dependencies for configuration 'sources'
== resolving dependencies for default#accom-build;0.1-SNAPSHOT [sources]
resolving dependencies for configuration 'docs'
== resolving dependencies for default#accom-build;0.1-SNAPSHOT [docs]
resolving dependencies for configuration 'pom'
== resolving dependencies for default#accom-build;0.1-SNAPSHOT [pom]
resolving dependencies for configuration 'scala-tool'
== resolving dependencies for default#accom-build;0.1-SNAPSHOT [scala-tool]
== resolving dependencies default#accom-build;0.1-SNAPSHOT->org.scala-lang#scala-compiler;2.10.4 [scala-tool->default]
== resolving dependencies default#accom-build;0.1-SNAPSHOT->org.scala-lang#scala-compiler;2.10.4 [scala-tool->runtime]
== resolving dependencies default#accom-build;0.1-SNAPSHOT->org.scala-lang#scala-compiler;2.10.4 [scala-tool->compile]
== resolving dependencies org.scala-lang#scala-compiler;2.10.4->org.scala-lang#scala-library;2.10.4 [compile->master(compile)]
== resolving dependencies org.scala-lang#scala-compiler;2.10.4->org.scala-lang#scala-library;2.10.4 [compile->compile(*)]
== resolving dependencies org.scala-lang#scala-compiler;2.10.4->org.scala-lang#scala-library;2.10.4 [compile->default]
== resolving dependencies org.scala-lang#scala-compiler;2.10.4->org.scala-lang#scala-library;2.10.4 [compile->runtime]
== resolving dependencies org.scala-lang#scala-compiler;2.10.4->org.scala-lang#scala-library;2.10.4 [compile->compile]
== resolving dependencies org.scala-lang#scala-compiler;2.10.4->org.scala-lang#scala-library;2.10.4 [compile->master]
== resolving dependencies org.scala-lang#scala-compiler;2.10.4->org.scala-lang#scala-library;2.10.4 [compile->optional(default)]
== resolving dependencies org.scala-lang#scala-compiler;2.10.4->org.scala-lang#scala-reflect;2.10.4 [compile->master(compile)]
== resolving dependencies org.scala-lang#scala-compiler;2.10.4->org.scala-lang#scala-reflect;2.10.4 [compile->compile(*)]
== resolving dependencies org.scala-lang#scala-reflect;2.10.4->org.scala-lang#scala-library;2.10.4 [compile->master(compile)]
== resolving dependencies org.scala-lang#scala-reflect;2.10.4->org.scala-lang#scala-library;2.10.4 [compile->compile(*)]
== resolving dependencies org.scala-lang#scala-compiler;2.10.4->org.scala-lang#scala-library;2.10.4 [runtime->runtime(*)]
== resolving dependencies org.scala-lang#scala-compiler;2.10.4->org.scala-lang#scala-library;2.10.4 [runtime->compile]
== resolving dependencies org.scala-lang#scala-compiler;2.10.4->org.scala-lang#scala-reflect;2.10.4 [runtime->runtime(*)]
== resolving dependencies org.scala-lang#scala-compiler;2.10.4->org.scala-lang#scala-reflect;2.10.4 [runtime->compile]
== resolving dependencies org.scala-lang#scala-reflect;2.10.4->org.scala-lang#scala-library;2.10.4 [runtime->runtime(*)]
== resolving dependencies org.scala-lang#scala-reflect;2.10.4->org.scala-lang#scala-library;2.10.4 [runtime->compile]
== resolving dependencies default#accom-build;0.1-SNAPSHOT->org.scala-lang#scala-compiler;2.10.4 [scala-tool->master]
== resolving dependencies default#accom-build;0.1-SNAPSHOT->org.scala-lang#scala-compiler;2.10.4 [scala-tool->optional(default)]
== resolving dependencies org.scala-lang#scala-compiler;2.10.4->org.scala-lang#jline;2.10.4 [optional->master(compile)]
[A[2K[info] Resolving org.scala-lang#jline;2.10.4 ...
Resolving org.scala-lang#jline;2.10.4 ...
sbt-chain: Checking cache for: dependency: org.scala-lang#jline;2.10.4 {optional=[compile(*), master(compile)]}
sbt-chain: module revision found in cache: org.scala-lang#jline;2.10.4
	found org.scala-lang#jline;2.10.4 in sbt-chain
== resolving dependencies org.scala-lang#scala-compiler;2.10.4->org.scala-lang#jline;2.10.4 [optional->compile(*)]
== resolving dependencies org.scala-lang#jline;2.10.4->org.fusesource.jansi#jansi;1.4 [compile->master(compile)]
[A[2K[info] Resolving org.fusesource.jansi#jansi;1.4 ...
Resolving org.fusesource.jansi#jansi;1.4 ...
sbt-chain: Checking cache for: dependency: org.fusesource.jansi#jansi;1.4 {compile=[compile(*), master(compile)], runtime=[runtime(*)]}
sbt-chain: module revision found in cache: org.fusesource.jansi#jansi;1.4
	found org.fusesource.jansi#jansi;1.4 in sbt-chain
== resolving dependencies org.scala-lang#jline;2.10.4->org.fusesource.jansi#jansi;1.4 [compile->compile(*)]
== resolving dependencies default#accom-build;0.1-SNAPSHOT->org.scala-lang#scala-library;2.10.4 [scala-tool->default]
== resolving dependencies default#accom-build;0.1-SNAPSHOT->org.scala-lang#scala-library;2.10.4 [scala-tool->runtime]
== resolving dependencies default#accom-build;0.1-SNAPSHOT->org.scala-lang#scala-library;2.10.4 [scala-tool->compile]
== resolving dependencies default#accom-build;0.1-SNAPSHOT->org.scala-lang#scala-library;2.10.4 [scala-tool->master]
== resolving dependencies default#accom-build;0.1-SNAPSHOT->org.scala-lang#scala-library;2.10.4 [scala-tool->optional(default)]
all callers are evicted for org.scala-sbt#control;0.13.8-M3: evicting too
all callers are evicted for org.scala-sbt#control;0.13.8-M3: evicting too
all callers are evicted for org.tukaani#xz;1.4: evicting too
all callers are evicted for org.tukaani#xz;1.4: evicting too
all callers are evicted for org.tukaani#xz;1.4: evicting too
all callers are evicted for org.tukaani#xz;1.4: evicting too
all callers are evicted for org.tukaani#xz;1.4: evicting too
all callers are evicted for org.tukaani#xz;1.4: evicting too
	resolved ivy file produced in cache
:: downloading artifacts ::
	[NOT REQUIRED] com.typesafe.play#sbt-plugin;2.5.10!sbt-plugin.jar
	[NOT REQUIRED] com.typesafe.sbt#sbt-coffeescript;1.0.0!sbt-coffeescript.jar
	[NOT REQUIRED] com.typesafe.sbt#sbt-less;1.1.0!sbt-less.jar
	[NOT REQUIRED] com.typesafe.sbt#sbt-jshint;1.0.4!sbt-jshint.jar
	[NOT REQUIRED] com.typesafe.sbt#sbt-rjs;1.0.8!sbt-rjs.jar
	[NOT REQUIRED] com.typesafe.sbt#sbt-digest;1.1.1!sbt-digest.jar
	[NOT REQUIRED] com.typesafe.sbt#sbt-mocha;1.1.0!sbt-mocha.jar
	[NOT REQUIRED] org.irundaia.sbt#sbt-sassify;1.4.6!sbt-sassify.jar
		tried https://repo.scala-sbt.org/scalasbt/sbt-plugin-releases/com.typesafe.play/sbt-fork-run-plugin/scala_2.10/sbt_0.13/2.5.10/jars/sbt-fork-run-plugin.jar
[info] downloading https://repo.scala-sbt.org/scalasbt/sbt-plugin-releases/com.typesafe.play/sbt-fork-run-plugin/scala_2.10/sbt_0.13/2.5.10/jars/sbt-fork-run-plugin.jar ...
downloading https://repo.scala-sbt.org/scalasbt/sbt-plugin-releases/com.typesafe.play/sbt-fork-run-plugin/scala_2.10/sbt_0.13/2.5.10/jars/sbt-fork-run-plugin.jar ...
	sbt-plugin-releases: downloading https://repo.scala-sbt.org/scalasbt/sbt-plugin-releases/com.typesafe.play/sbt-fork-run-plugin/scala_2.10/sbt_0.13/2.5.10/jars/sbt-fork-run-plugin.jar
	sbt-plugin-releases: downloading https://repo.scala-sbt.org/scalasbt/sbt-plugin-releases/com.typesafe.play/sbt-fork-run-plugin/scala_2.10/sbt_0.13/2.5.10/jars/sbt-fork-run-plugin.jar.sha1
sha1 OK for https://repo.scala-sbt.org/scalasbt/sbt-plugin-releases/com.typesafe.play/sbt-fork-run-plugin/scala_2.10/sbt_0.13/2.5.10/jars/sbt-fork-run-plugin.jar
[info] 	[SUCCESSFUL ] com.typesafe.play#sbt-fork-run-plugin;2.5.10!sbt-fork-run-plugin.jar (10783ms)
	[SUCCESSFUL ] com.typesafe.play#sbt-fork-run-plugin;2.5.10!sbt-fork-run-plugin.jar (10783ms)
		tried https://repo.typesafe.com/typesafe/ivy-releases/org.scala-sbt/sbt-core-next/scala_2.10/sbt_0.13/0.1.1/jars/sbt-core-next.jar
[info] downloading https://repo.typesafe.com/typesafe/ivy-releases/org.scala-sbt/sbt-core-next/scala_2.10/sbt_0.13/0.1.1/jars/sbt-core-next.jar ...
downloading https://repo.typesafe.com/typesafe/ivy-releases/org.scala-sbt/sbt-core-next/scala_2.10/sbt_0.13/0.1.1/jars/sbt-core-next.jar ...
	typesafe-ivy-releases: downloading https://repo.typesafe.com/typesafe/ivy-releases/org.scala-sbt/sbt-core-next/scala_2.10/sbt_0.13/0.1.1/jars/sbt-core-next.jar
	typesafe-ivy-releases: downloading https://repo.typesafe.com/typesafe/ivy-releases/org.scala-sbt/sbt-core-next/scala_2.10/sbt_0.13/0.1.1/jars/sbt-core-next.jar.sha1
sha1 OK for https://repo.typesafe.com/typesafe/ivy-releases/org.scala-sbt/sbt-core-next/scala_2.10/sbt_0.13/0.1.1/jars/sbt-core-next.jar
[info] 	[SUCCESSFUL ] org.scala-sbt#sbt-core-next;0.1.1!sbt-core-next.jar (13176ms)
	[SUCCESSFUL ] org.scala-sbt#sbt-core-next;0.1.1!sbt-core-next.jar (13176ms)
	[NOT REQUIRED] com.typesafe.play#sbt-routes-compiler_2.10;2.5.10!sbt-routes-compiler_2.10.jar
	[NOT REQUIRED] com.typesafe.play#sbt-run-support_2.10;2.5.10!sbt-run-support_2.10.jar
	[NOT REQUIRED] com.typesafe#config;1.3.0!config.jar(bundle)
	[NOT REQUIRED] net.contentobjects.jnotify#jnotify;0.94-play-1!jnotify.jar
	[NOT REQUIRED] com.typesafe.sbt#sbt-twirl;1.1.1!sbt-twirl.jar
	[NOT REQUIRED] com.typesafe.sbt#sbt-native-packager;1.0.3!sbt-native-packager.jar
	[NOT REQUIRED] com.typesafe.sbt#sbt-web;1.3.0!sbt-web.jar
	[NOT REQUIRED] org.scala-lang#scala-library;2.10.4!scala-library.jar
	[NOT REQUIRED] com.typesafe.play#twirl-api_2.10;1.1.1!twirl-api_2.10.jar
	[NOT REQUIRED] commons-io#commons-io;2.4!commons-io.jar
	[NOT REQUIRED] org.apache.commons#commons-lang3;3.4!commons-lang3.jar
	[NOT REQUIRED] com.typesafe.play#build-link;2.5.10!build-link.jar
	[NOT REQUIRED] com.typesafe.play#twirl-compiler_2.10;1.1.1!twirl-compiler_2.10.jar
	[NOT REQUIRED] com.typesafe.play#play-exceptions;2.5.10!play-exceptions.jar
	[NOT REQUIRED] org.scala-lang#scala-compiler;2.10.4!scala-compiler.jar
	[NOT REQUIRED] com.typesafe.play#twirl-parser_2.10;1.1.1!twirl-parser_2.10.jar
	[NOT REQUIRED] org.scala-lang#scala-reflect;2.10.4!scala-reflect.jar
	[NOT REQUIRED] org.vafer#jdeb;1.3!jdeb.jar
	[NOT REQUIRED] org.apache.maven#maven-core;3.2.2!maven-core.jar
	[NOT REQUIRED] org.apache.maven#maven-plugin-api;3.2.2!maven-plugin-api.jar
	[NOT REQUIRED] org.apache.ant#ant;1.9.3!ant.jar
	[NOT REQUIRED] org.bouncycastle#bcpg-jdk15on;1.51!bcpg-jdk15on.jar
	[NOT REQUIRED] org.apache.maven#maven-model;3.2.2!maven-model.jar
	[NOT REQUIRED] org.apache.maven#maven-settings;3.2.2!maven-settings.jar
	[NOT REQUIRED] org.apache.maven#maven-settings-builder;3.2.2!maven-settings-builder.jar
	[NOT REQUIRED] org.apache.maven#maven-repository-metadata;3.2.2!maven-repository-metadata.jar
	[NOT REQUIRED] org.apache.maven#maven-artifact;3.2.2!maven-artifact.jar
	[NOT REQUIRED] org.apache.maven#maven-model-builder;3.2.2!maven-model-builder.jar
	[NOT REQUIRED] org.apache.maven#maven-aether-provider;3.2.2!maven-aether-provider.jar
	[NOT REQUIRED] org.eclipse.aether#aether-impl;0.9.0.M2!aether-impl.jar
	[NOT REQUIRED] org.eclipse.aether#aether-api;0.9.0.M2!aether-api.jar
	[NOT REQUIRED] org.eclipse.aether#aether-util;0.9.0.M2!aether-util.jar
	[NOT REQUIRED] org.eclipse.sisu#org.eclipse.sisu.plexus;0.0.0.M5!org.eclipse.sisu.plexus.jar(eclipse-plugin)
	[NOT REQUIRED] org.codehaus.plexus#plexus-interpolation;1.19!plexus-interpolation.jar
	[NOT REQUIRED] org.codehaus.plexus#plexus-utils;3.0.17!plexus-utils.jar
	[NOT REQUIRED] org.codehaus.plexus#plexus-classworlds;2.5.1!plexus-classworlds.jar(bundle)
	[NOT REQUIRED] org.codehaus.plexus#plexus-component-annotations;1.5.5!plexus-component-annotations.jar
	[NOT REQUIRED] org.sonatype.plexus#plexus-sec-dispatcher;1.3!plexus-sec-dispatcher.jar
	[NOT REQUIRED] org.sonatype.plexus#plexus-cipher;1.7!plexus-cipher.jar
	[NOT REQUIRED] javax.enterprise#cdi-api;1.0!cdi-api.jar
	[NOT REQUIRED] com.google.guava#guava;14.0.1!guava.jar(bundle)
	[NOT REQUIRED] org.sonatype.sisu#sisu-guice;3.1.3!sisu-guice.jar
	[NOT REQUIRED] org.eclipse.sisu#org.eclipse.sisu.inject;0.0.0.M5!org.eclipse.sisu.inject.jar(eclipse-plugin)
	[NOT REQUIRED] javax.annotation#jsr250-api;1.0!jsr250-api.jar
	[NOT REQUIRED] javax.inject#javax.inject;1!javax.inject.jar
	[NOT REQUIRED] aopalliance#aopalliance;1.0!aopalliance.jar
	[NOT REQUIRED] org.eclipse.aether#aether-spi;0.9.0.M2!aether-spi.jar
	[NOT REQUIRED] org.apache.ant#ant-launcher;1.9.3!ant-launcher.jar
	[NOT REQUIRED] org.bouncycastle#bcprov-jdk15on;1.51!bcprov-jdk15on.jar
	[NOT REQUIRED] org.webjars#webjars-locator;0.26!webjars-locator.jar
	[NOT REQUIRED] org.webjars#webjars-locator-core;0.26!webjars-locator-core.jar
	[NOT REQUIRED] org.apache.commons#commons-compress;1.9!commons-compress.jar
	[NOT REQUIRED] com.typesafe#jse_2.10;1.1.2!jse_2.10.jar
	[NOT REQUIRED] com.typesafe#npm_2.10;1.1.1!npm_2.10.jar
	[NOT REQUIRED] com.typesafe.akka#akka-actor_2.10;2.3.11!akka-actor_2.10.jar
	[NOT REQUIRED] com.typesafe.akka#akka-contrib_2.10;2.3.11!akka-contrib_2.10.jar
	[NOT REQUIRED] io.apigee.trireme#trireme-core;0.8.5!trireme-core.jar
	[NOT REQUIRED] io.apigee.trireme#trireme-node10src;0.8.5!trireme-node10src.jar
	[NOT REQUIRED] io.spray#spray-json_2.10;1.3.2!spray-json_2.10.jar(bundle)
	[NOT REQUIRED] org.slf4j#slf4j-simple;1.7.12!slf4j-simple.jar
	[NOT REQUIRED] com.typesafe.akka#akka-remote_2.10;2.3.11!akka-remote_2.10.jar
	[NOT REQUIRED] com.typesafe.akka#akka-cluster_2.10;2.3.11!akka-cluster_2.10.jar
	[NOT REQUIRED] com.typesafe.akka#akka-persistence-experimental_2.10;2.3.11!akka-persistence-experimental_2.10.jar
	[NOT REQUIRED] io.netty#netty;3.8.0.Final!netty.jar(bundle)
	[NOT REQUIRED] com.google.protobuf#protobuf-java;2.5.0!protobuf-java.jar(bundle)
	[NOT REQUIRED] org.uncommons.maths#uncommons-maths;1.2.2a!uncommons-maths.jar
	[NOT REQUIRED] org.iq80.leveldb#leveldb;0.5!leveldb.jar
	[NOT REQUIRED] org.fusesource.leveldbjni#leveldbjni-all;1.7!leveldbjni-all.jar(bundle)
	[NOT REQUIRED] org.iq80.leveldb#leveldb-api;0.5!leveldb-api.jar
	[NOT REQUIRED] org.fusesource.leveldbjni#leveldbjni;1.7!leveldbjni.jar
	[NOT REQUIRED] org.fusesource.leveldbjni#leveldbjni-osx;1.5!leveldbjni-osx.jar
	[NOT REQUIRED] org.fusesource.leveldbjni#leveldbjni-linux32;1.5!leveldbjni-linux32.jar
	[NOT REQUIRED] org.fusesource.leveldbjni#leveldbjni-linux64;1.5!leveldbjni-linux64.jar
	[NOT REQUIRED] org.fusesource.leveldbjni#leveldbjni-win32;1.5!leveldbjni-win32.jar
	[NOT REQUIRED] org.fusesource.leveldbjni#leveldbjni-win64;1.5!leveldbjni-win64.jar
	[NOT REQUIRED] org.fusesource.hawtjni#hawtjni-runtime;1.8!hawtjni-runtime.jar
	[NOT REQUIRED] io.apigee#rhino;1.7R5pre4!rhino.jar
	[NOT REQUIRED] org.slf4j#slf4j-api;1.7.12!slf4j-api.jar
	[NOT REQUIRED] org.webjars#npm;2.11.2!npm.jar
	[NOT REQUIRED] org.webjars#coffee-script-node;1.7.1!coffee-script-node.jar
	[NOT REQUIRED] org.webjars#less-node;2.5.0!less-node.jar
	[NOT REQUIRED] org.webjars#source-map;0.1.40-1!source-map.jar
	[NOT REQUIRED] org.webjars#mkdirp;0.5.0!mkdirp.jar
	[NOT REQUIRED] org.webjars#clean-css;2.2.7!clean-css.jar
	[NOT REQUIRED] org.webjars#es6-promise-node;2.1.1!es6-promise-node.jar
	[NOT REQUIRED] org.webjars#amdefine;0.1.0-2!amdefine.jar
	[NOT REQUIRED] org.webjars#jshint-node;2.6.3-2!jshint-node.jar
	[NOT REQUIRED] org.webjars#strip-json-comments;1.0.2-1!strip-json-comments.jar
	[NOT REQUIRED] org.webjars#underscorejs;1.5.2-2!underscorejs.jar
	[NOT REQUIRED] org.webjars#console-browserify;0.1.6-1!console-browserify.jar
	[NOT REQUIRED] org.webjars#rjs;2.2.0!rjs.jar
	[NOT REQUIRED] com.typesafe.sbt#sbt-js-engine;1.1.4!sbt-js-engine.jar
	[NOT REQUIRED] org.webjars#mocha;1.17.1!mocha.jar
	[NOT REQUIRED] org.webjars#debug;0.7.4!debug.jar
	[NOT REQUIRED] org.webjars#diff;1.0.7!diff.jar
	[NOT REQUIRED] com.typesafe.play#play-json_2.10;2.4.6!play-json_2.10.jar
	[NOT REQUIRED] com.nativelibs4java#jnaerator-runtime;0.12!jnaerator-runtime.jar
	[NOT REQUIRED] com.typesafe.play#play-iteratees_2.10;2.4.6!play-iteratees_2.10.jar
	[NOT REQUIRED] com.typesafe.play#play-functional_2.10;2.4.6!play-functional_2.10.jar
	[NOT REQUIRED] com.typesafe.play#play-datacommons_2.10;2.4.6!play-datacommons_2.10.jar
	[NOT REQUIRED] joda-time#joda-time;2.8.1!joda-time.jar
	[NOT REQUIRED] org.joda#joda-convert;1.7!joda-convert.jar
	[NOT REQUIRED] com.fasterxml.jackson.core#jackson-core;2.5.4!jackson-core.jar(bundle)
	[NOT REQUIRED] com.fasterxml.jackson.core#jackson-annotations;2.5.4!jackson-annotations.jar(bundle)
	[NOT REQUIRED] com.fasterxml.jackson.core#jackson-databind;2.5.4!jackson-databind.jar(bundle)
	[NOT REQUIRED] com.fasterxml.jackson.datatype#jackson-datatype-jdk8;2.5.4!jackson-datatype-jdk8.jar(bundle)
	[NOT REQUIRED] com.fasterxml.jackson.datatype#jackson-datatype-jsr310;2.5.4!jackson-datatype-jsr310.jar(bundle)
	[NOT REQUIRED] org.scala-stm#scala-stm_2.10;0.7!scala-stm_2.10.jar
	[NOT REQUIRED] com.nativelibs4java#ochafik-util;0.12!ochafik-util.jar
	[NOT REQUIRED] net.java.dev.jna#jna;4.1.0!jna.jar
		tried https://repo1.maven.org/maven2/com/typesafe/play/sbt-fork-run-protocol_2.10/2.5.10/sbt-fork-run-protocol_2.10-2.5.10.jar
[info] downloading https://repo1.maven.org/maven2/com/typesafe/play/sbt-fork-run-protocol_2.10/2.5.10/sbt-fork-run-protocol_2.10-2.5.10.jar ...
downloading https://repo1.maven.org/maven2/com/typesafe/play/sbt-fork-run-protocol_2.10/2.5.10/sbt-fork-run-protocol_2.10-2.5.10.jar ...
	public: downloading https://repo1.maven.org/maven2/com/typesafe/play/sbt-fork-run-protocol_2.10/2.5.10/sbt-fork-run-protocol_2.10-2.5.10.jar
	public: downloading https://repo1.maven.org/maven2/com/typesafe/play/sbt-fork-run-protocol_2.10/2.5.10/sbt-fork-run-protocol_2.10-2.5.10.jar.sha1
sha1 OK for https://repo1.maven.org/maven2/com/typesafe/play/sbt-fork-run-protocol_2.10/2.5.10/sbt-fork-run-protocol_2.10-2.5.10.jar
[info] 	[SUCCESSFUL ] com.typesafe.play#sbt-fork-run-protocol_2.10;2.5.10!sbt-fork-run-protocol_2.10.jar (140614ms)
	[SUCCESSFUL ] com.typesafe.play#sbt-fork-run-protocol_2.10;2.5.10!sbt-fork-run-protocol_2.10.jar (140614ms)
		tried https://repo.typesafe.com/typesafe/ivy-releases/com.typesafe.sbtrc/client-2-10/0.3.1/jars/client-2-10.jar
[info] downloading https://repo.typesafe.com/typesafe/ivy-releases/com.typesafe.sbtrc/client-2-10/0.3.1/jars/client-2-10.jar ...
downloading https://repo.typesafe.com/typesafe/ivy-releases/com.typesafe.sbtrc/client-2-10/0.3.1/jars/client-2-10.jar ...
	typesafe-ivy-releases: downloading https://repo.typesafe.com/typesafe/ivy-releases/com.typesafe.sbtrc/client-2-10/0.3.1/jars/client-2-10.jar
	typesafe-ivy-releases: downloading https://repo.typesafe.com/typesafe/ivy-releases/com.typesafe.sbtrc/client-2-10/0.3.1/jars/client-2-10.jar.sha1
sha1 OK for https://repo.typesafe.com/typesafe/ivy-releases/com.typesafe.sbtrc/client-2-10/0.3.1/jars/client-2-10.jar
[info] 	[SUCCESSFUL ] com.typesafe.sbtrc#client-2-10;0.3.1!client-2-10.jar (107020ms)
	[SUCCESSFUL ] com.typesafe.sbtrc#client-2-10;0.3.1!client-2-10.jar (107020ms)
		tried https://repo.typesafe.com/typesafe/ivy-releases/org.scala-sbt/serialization_2.10/0.1.0/jars/serialization_2.10.jar
[info] downloading https://repo.typesafe.com/typesafe/ivy-releases/org.scala-sbt/serialization_2.10/0.1.0/jars/serialization_2.10.jar ...
downloading https://repo.typesafe.com/typesafe/ivy-releases/org.scala-sbt/serialization_2.10/0.1.0/jars/serialization_2.10.jar ...
	typesafe-ivy-releases: downloading https://repo.typesafe.com/typesafe/ivy-releases/org.scala-sbt/serialization_2.10/0.1.0/jars/serialization_2.10.jar
	typesafe-ivy-releases: downloading https://repo.typesafe.com/typesafe/ivy-releases/org.scala-sbt/serialization_2.10/0.1.0/jars/serialization_2.10.jar.sha1
sha1 OK for https://repo.typesafe.com/typesafe/ivy-releases/org.scala-sbt/serialization_2.10/0.1.0/jars/serialization_2.10.jar
[info] 	[SUCCESSFUL ] org.scala-sbt#serialization_2.10;0.1.0!serialization_2.10.jar (10505ms)
	[SUCCESSFUL ] org.scala-sbt#serialization_2.10;0.1.0!serialization_2.10.jar (10505ms)
		tried https://repo.typesafe.com/typesafe/ivy-releases/org.scala-sbt/launcher-interface/0.13.8-M3/jars/launcher-interface.jar
[info] downloading https://repo.typesafe.com/typesafe/ivy-releases/org.scala-sbt/launcher-interface/0.13.8-M3/jars/launcher-interface.jar ...
downloading https://repo.typesafe.com/typesafe/ivy-releases/org.scala-sbt/launcher-interface/0.13.8-M3/jars/launcher-interface.jar ...
	typesafe-ivy-releases: downloading https://repo.typesafe.com/typesafe/ivy-releases/org.scala-sbt/launcher-interface/0.13.8-M3/jars/launcher-interface.jar
	typesafe-ivy-releases: downloading https://repo.typesafe.com/typesafe/ivy-releases/org.scala-sbt/launcher-interface/0.13.8-M3/jars/launcher-interface.jar.sha1
sha1 OK for https://repo.typesafe.com/typesafe/ivy-releases/org.scala-sbt/launcher-interface/0.13.8-M3/jars/launcher-interface.jar
[info] 	[SUCCESSFUL ] org.scala-sbt#launcher-interface;0.13.8-M3!launcher-interface.jar (6210ms)
	[SUCCESSFUL ] org.scala-sbt#launcher-interface;0.13.8-M3!launcher-interface.jar (6210ms)
		tried https://repo.typesafe.com/typesafe/ivy-releases/org.scala-sbt/interface/0.13.8-M3/jars/interface.jar
[info] downloading https://repo.typesafe.com/typesafe/ivy-releases/org.scala-sbt/interface/0.13.8-M3/jars/interface.jar ...
downloading https://repo.typesafe.com/typesafe/ivy-releases/org.scala-sbt/interface/0.13.8-M3/jars/interface.jar ...
	typesafe-ivy-releases: downloading https://repo.typesafe.com/typesafe/ivy-releases/org.scala-sbt/interface/0.13.8-M3/jars/interface.jar
	typesafe-ivy-releases: downloading https://repo.typesafe.com/typesafe/ivy-releases/org.scala-sbt/interface/0.13.8-M3/jars/interface.jar.sha1
sha1 OK for https://repo.typesafe.com/typesafe/ivy-releases/org.scala-sbt/interface/0.13.8-M3/jars/interface.jar
[info] 	[SUCCESSFUL ] org.scala-sbt#interface;0.13.8-M3!interface.jar (6377ms)
	[SUCCESSFUL ] org.scala-sbt#interface;0.13.8-M3!interface.jar (6377ms)
		tried https://repo.typesafe.com/typesafe/ivy-releases/org.scala-sbt/io/0.13.8-M3/jars/io.jar
[info] downloading https://repo.typesafe.com/typesafe/ivy-releases/org.scala-sbt/io/0.13.8-M3/jars/io.jar ...
downloading https://repo.typesafe.com/typesafe/ivy-releases/org.scala-sbt/io/0.13.8-M3/jars/io.jar ...
	typesafe-ivy-releases: downloading https://repo.typesafe.com/typesafe/ivy-releases/org.scala-sbt/io/0.13.8-M3/jars/io.jar
	typesafe-ivy-releases: downloading https://repo.typesafe.com/typesafe/ivy-releases/org.scala-sbt/io/0.13.8-M3/jars/io.jar.sha1
sha1 OK for https://repo.typesafe.com/typesafe/ivy-releases/org.scala-sbt/io/0.13.8-M3/jars/io.jar
[info] 	[SUCCESSFUL ] org.scala-sbt#io;0.13.8-M3!io.jar (15014ms)
	[SUCCESSFUL ] org.scala-sbt#io;0.13.8-M3!io.jar (15014ms)
		tried https://repo.typesafe.com/typesafe/ivy-releases/org.scala-sbt/collections/0.13.8-M3/jars/collections.jar
[info] downloading https://repo.typesafe.com/typesafe/ivy-releases/org.scala-sbt/collections/0.13.8-M3/jars/collections.jar ...
downloading https://repo.typesafe.com/typesafe/ivy-releases/org.scala-sbt/collections/0.13.8-M3/jars/collections.jar ...
	typesafe-ivy-releases: downloading https://repo.typesafe.com/typesafe/ivy-releases/org.scala-sbt/collections/0.13.8-M3/jars/collections.jar
	typesafe-ivy-releases: downloading https://repo.typesafe.com/typesafe/ivy-releases/org.scala-sbt/collections/0.13.8-M3/jars/collections.jar.sha1
[warn] Host dl.bintray.com not found. url=https://repo.typesafe.com/typesafe/ivy-releases/org.scala-sbt/collections/0.13.8-M3/jars/collections.jar.sha1
Host dl.bintray.com not found. url=https://repo.typesafe.com/typesafe/ivy-releases/org.scala-sbt/collections/0.13.8-M3/jars/collections.jar.sha1
[info] You probably access the destination server through a proxy server that is not well configured.
You probably access the destination server through a proxy server that is not well configured.
[warn] 	[FAILED     ] org.scala-sbt#collections;0.13.8-M3!collections.jar: dl.bintray.com (31460ms)
	[FAILED     ] org.scala-sbt#collections;0.13.8-M3!collections.jar: dl.bintray.com (31460ms)
[warn] 	[FAILED     ] org.scala-sbt#collections;0.13.8-M3!collections.jar: dl.bintray.com (31460ms)
	[FAILED     ] org.scala-sbt#collections;0.13.8-M3!collections.jar: dl.bintray.com (31460ms)
[warn] ==== typesafe-ivy-releases: tried
==== typesafe-ivy-releases: tried
[warn]   https://repo.typesafe.com/typesafe/ivy-releases/org.scala-sbt/collections/0.13.8-M3/jars/collections.jar
  https://repo.typesafe.com/typesafe/ivy-releases/org.scala-sbt/collections/0.13.8-M3/jars/collections.jar
	[NOT REQUIRED] org.scala-lang.modules#scala-pickling_2.10;0.10.0!scala-pickling_2.10.jar
	[NOT REQUIRED] org.json4s#json4s-core_2.10;3.2.10!json4s-core_2.10.jar
	[NOT REQUIRED] org.spire-math#jawn-parser_2.10;0.6.0!jawn-parser_2.10.jar
	[NOT REQUIRED] org.spire-math#json4s-support_2.10;0.6.0!json4s-support_2.10.jar
	[NOT REQUIRED] org.scalamacros#quasiquotes_2.10;2.0.1!quasiquotes_2.10.jar
	[NOT REQUIRED] org.json4s#json4s-ast_2.10;3.2.10!json4s-ast_2.10.jar
	[NOT REQUIRED] com.thoughtworks.paranamer#paranamer;2.6!paranamer.jar
		tried https://repo.typesafe.com/typesafe/ivy-releases/org.scala-sbt/control/0.13.8-M3/jars/control.jar
[warn] Host dl.bintray.com not found. url=https://repo.typesafe.com/typesafe/ivy-releases/org.scala-sbt/control/0.13.8-M3/jars/control.jar
Host dl.bintray.com not found. url=https://repo.typesafe.com/typesafe/ivy-releases/org.scala-sbt/control/0.13.8-M3/jars/control.jar
[info] You probably access the destination server through a proxy server that is not well configured.
You probably access the destination server through a proxy server that is not well configured.
[warn] 	[NOT FOUND  ] org.scala-sbt#control;0.13.8-M3!control.jar (400ms)
	[NOT FOUND  ] org.scala-sbt#control;0.13.8-M3!control.jar (400ms)
[warn] ==== typesafe-ivy-releases: tried
==== typesafe-ivy-releases: tried
[warn]   https://repo.typesafe.com/typesafe/ivy-releases/org.scala-sbt/control/0.13.8-M3/jars/control.jar
  https://repo.typesafe.com/typesafe/ivy-releases/org.scala-sbt/control/0.13.8-M3/jars/control.jar
	[NOT REQUIRED] org.scala-sbt#core-next_2.10;0.1.1!core-next_2.10.jar
	[NOT REQUIRED] org.scala-sbt#sbt;0.13.8!sbt.jar
	[NOT REQUIRED] org.scala-sbt#main;0.13.8!main.jar
	[NOT REQUIRED] org.scala-sbt#compiler-interface;0.13.8!compiler-interface-src.jar
	[NOT REQUIRED] org.scala-sbt#compiler-interface;0.13.8!compiler-interface-bin.jar
	[NOT REQUIRED] org.scala-sbt#precompiled-2_8_2;0.13.8!compiler-interface-bin.jar
	[NOT REQUIRED] org.scala-sbt#precompiled-2_9_2;0.13.8!compiler-interface-bin.jar
	[NOT REQUIRED] org.scala-sbt#precompiled-2_9_3;0.13.8!compiler-interface-bin.jar
	[NOT REQUIRED] org.scala-sbt#actions;0.13.8!actions.jar
	[NOT REQUIRED] org.scala-sbt#main-settings;0.13.8!main-settings.jar
	[NOT REQUIRED] org.scala-sbt#interface;0.13.8!interface.jar
	[NOT REQUIRED] org.scala-sbt#io;0.13.8!io.jar
	[NOT REQUIRED] org.scala-sbt#ivy;0.13.8!ivy.jar
	[NOT REQUIRED] org.scala-sbt#launcher-interface;0.13.8!launcher-interface.jar
	[NOT REQUIRED] org.scala-sbt#logging;0.13.8!logging.jar
	[NOT REQUIRED] org.scala-sbt#logic;0.13.8!logic.jar
	[NOT REQUIRED] org.scala-sbt#process;0.13.8!process.jar
	[NOT REQUIRED] org.scala-sbt#run;0.13.8!run.jar
	[NOT REQUIRED] org.scala-sbt#command;0.13.8!command.jar
	[NOT REQUIRED] org.scala-sbt#classpath;0.13.8!classpath.jar
	[NOT REQUIRED] org.scala-sbt#completion;0.13.8!completion.jar
	[NOT REQUIRED] org.scala-sbt#api;0.13.8!api.jar
	[NOT REQUIRED] org.scala-sbt#compiler-integration;0.13.8!compiler-integration.jar
	[NOT REQUIRED] org.scala-sbt#compiler-ivy-integration;0.13.8!compiler-ivy-integration.jar
	[NOT REQUIRED] org.scala-sbt#relation;0.13.8!relation.jar
	[NOT REQUIRED] org.scala-sbt#task-system;0.13.8!task-system.jar
	[NOT REQUIRED] org.scala-sbt#tasks;0.13.8!tasks.jar
	[NOT REQUIRED] org.scala-sbt#tracking;0.13.8!tracking.jar
	[NOT REQUIRED] org.scala-sbt#testing;0.13.8!testing.jar
	[NOT REQUIRED] org.scala-sbt#control;0.13.8!control.jar
	[NOT REQUIRED] org.scala-sbt#collections;0.13.8!collections.jar
	[NOT REQUIRED] jline#jline;2.11!jline.jar
	[NOT REQUIRED] org.scala-sbt#incremental-compiler;0.13.8!incremental-compiler.jar
	[NOT REQUIRED] org.scala-sbt#compile;0.13.8!compile.jar
	[NOT REQUIRED] org.scala-sbt#persist;0.13.8!persist.jar
	[NOT REQUIRED] org.scala-sbt#classfile;0.13.8!classfile.jar
	[NOT REQUIRED] org.scala-tools.sbinary#sbinary_2.10;0.4.2!sbinary_2.10.jar
	[NOT REQUIRED] org.scala-sbt#cross;0.13.8!cross.jar
	[NOT REQUIRED] org.scala-sbt.ivy#ivy;2.3.0-sbt-fccfbd44c9f64523b61398a0155784dcbaeae28f!ivy.jar
	[NOT REQUIRED] com.jcraft#jsch;0.1.46!jsch.jar
	[NOT REQUIRED] org.scala-sbt#serialization_2.10;0.1.1!serialization_2.10.jar
	[NOT REQUIRED] org.scala-sbt#cache;0.13.8!cache.jar
	[NOT REQUIRED] org.scala-sbt#test-agent;0.13.8!test-agent.jar
	[NOT REQUIRED] org.scala-sbt#test-interface;1.0!test-interface.jar
	[NOT REQUIRED] org.scala-sbt#apply-macro;0.13.8!apply-macro.jar
	[NOT REQUIRED] org.scala-lang#jline;2.10.4!jline.jar
	[NOT REQUIRED] org.fusesource.jansi#jansi;1.4!jansi.jar
:: resolution report :: resolve 73084ms :: artifacts dl 341882ms
[warn] 	::::::::::::::::::::::::::::::::::::::::::::::
	::::::::::::::::::::::::::::::::::::::::::::::
[warn] 	::              FAILED DOWNLOADS            ::
	::              FAILED DOWNLOADS            ::
[warn] 	:: ^ see resolution messages for details  ^ ::
	:: ^ see resolution messages for details  ^ ::
[warn] 	::::::::::::::::::::::::::::::::::::::::::::::
	::::::::::::::::::::::::::::::::::::::::::::::
[warn] 	:: org.scala-sbt#control;0.13.8-M3!control.jar
	:: org.scala-sbt#control;0.13.8-M3!control.jar
[warn] 	:: org.scala-sbt#collections;0.13.8-M3!collections.jar
	:: org.scala-sbt#collections;0.13.8-M3!collections.jar
[warn] 	::::::::::::::::::::::::::::::::::::::::::::::
	::::::::::::::::::::::::::::::::::::::::::::::

	report for default#accom-build;0.1-SNAPSHOT compile produced in /home/lorenzo/Documents/AM/accom/project/target/resolution-cache/reports/default-accom-build-compile.xml
	report for default#accom-build;0.1-SNAPSHOT runtime produced in /home/lorenzo/Documents/AM/accom/project/target/resolution-cache/reports/default-accom-build-runtime.xml
	report for default#accom-build;0.1-SNAPSHOT test produced in /home/lorenzo/Documents/AM/accom/project/target/resolution-cache/reports/default-accom-build-test.xml
	report for default#accom-build;0.1-SNAPSHOT provided produced in /home/lorenzo/Documents/AM/accom/project/target/resolution-cache/reports/default-accom-build-provided.xml
	report for default#accom-build;0.1-SNAPSHOT optional produced in /home/lorenzo/Documents/AM/accom/project/target/resolution-cache/reports/default-accom-build-optional.xml
	report for default#accom-build;0.1-SNAPSHOT compile-internal produced in /home/lorenzo/Documents/AM/accom/project/target/resolution-cache/reports/default-accom-build-compile-internal.xml
	report for default#accom-build;0.1-SNAPSHOT runtime-internal produced in /home/lorenzo/Documents/AM/accom/project/target/resolution-cache/reports/default-accom-build-runtime-internal.xml
	report for default#accom-build;0.1-SNAPSHOT test-internal produced in /home/lorenzo/Documents/AM/accom/project/target/resolution-cache/reports/default-accom-build-test-internal.xml
	report for default#accom-build;0.1-SNAPSHOT plugin produced in /home/lorenzo/Documents/AM/accom/project/target/resolution-cache/reports/default-accom-build-plugin.xml
	report for default#accom-build;0.1-SNAPSHOT sources produced in /home/lorenzo/Documents/AM/accom/project/target/resolution-cache/reports/default-accom-build-sources.xml
	report for default#accom-build;0.1-SNAPSHOT docs produced in /home/lorenzo/Documents/AM/accom/project/target/resolution-cache/reports/default-accom-build-docs.xml
	report for default#accom-build;0.1-SNAPSHOT pom produced in /home/lorenzo/Documents/AM/accom/project/target/resolution-cache/reports/default-accom-build-pom.xml
	report for default#accom-build;0.1-SNAPSHOT scala-tool produced in /home/lorenzo/Documents/AM/accom/project/target/resolution-cache/reports/default-accom-build-scala-tool.xml
	resolve done (73084ms resolve - 341882ms download)
download failed: org.scala-sbt#control;0.13.8-M3!control.jar
download failed: org.scala-sbt#collections;0.13.8-M3!collections.jar
sbt.ResolveException: download failed: org.scala-sbt#control;0.13.8-M3!control.jar
download failed: org.scala-sbt#collections;0.13.8-M3!collections.jar
	at sbt.IvyActions$.sbt$IvyActions$$resolve(IvyActions.scala:291)
	at sbt.IvyActions$$anonfun$updateEither$1.apply(IvyActions.scala:188)
	at sbt.IvyActions$$anonfun$updateEither$1.apply(IvyActions.scala:165)
	at sbt.IvySbt$Module$$anonfun$withModule$1.apply(Ivy.scala:155)
	at sbt.IvySbt$Module$$anonfun$withModule$1.apply(Ivy.scala:155)
	at sbt.IvySbt$$anonfun$withIvy$1.apply(Ivy.scala:132)
	at sbt.IvySbt.sbt$IvySbt$$action$1(Ivy.scala:57)
	at sbt.IvySbt$$anon$4.call(Ivy.scala:65)
	at xsbt.boot.Locks$GlobalLock.withChannel$1(Locks.scala:93)
	at xsbt.boot.Locks$GlobalLock.xsbt$boot$Locks$GlobalLock$$withChannelRetries$1(Locks.scala:78)
	at xsbt.boot.Locks$GlobalLock$$anonfun$withFileLock$1.apply(Locks.scala:97)
	at xsbt.boot.Using$.withResource(Using.scala:10)
	at xsbt.boot.Using$.apply(Using.scala:9)
	at xsbt.boot.Locks$GlobalLock.ignoringDeadlockAvoided(Locks.scala:58)
	at xsbt.boot.Locks$GlobalLock.withLock(Locks.scala:48)
	at xsbt.boot.Locks$.apply0(Locks.scala:31)
	at xsbt.boot.Locks$.apply(Locks.scala:28)
	at sbt.IvySbt.withDefaultLogger(Ivy.scala:65)
	at sbt.IvySbt.withIvy(Ivy.scala:127)
	at sbt.IvySbt.withIvy(Ivy.scala:124)
	at sbt.IvySbt$Module.withModule(Ivy.scala:155)
	at sbt.IvyActions$.updateEither(IvyActions.scala:165)
	at sbt.Classpaths$$anonfun$sbt$Classpaths$$work$1$1.apply(Defaults.scala:1369)
	at sbt.Classpaths$$anonfun$sbt$Classpaths$$work$1$1.apply(Defaults.scala:1365)
	at sbt.Classpaths$$anonfun$doWork$1$1$$anonfun$87.apply(Defaults.scala:1399)
	at sbt.Classpaths$$anonfun$doWork$1$1$$anonfun$87.apply(Defaults.scala:1397)
	at sbt.Tracked$$anonfun$lastOutput$1.apply(Tracked.scala:37)
	at sbt.Classpaths$$anonfun$doWork$1$1.apply(Defaults.scala:1402)
	at sbt.Classpaths$$anonfun$doWork$1$1.apply(Defaults.scala:1396)
	at sbt.Tracked$$anonfun$inputChanged$1.apply(Tracked.scala:60)
	at sbt.Classpaths$.cachedUpdate(Defaults.scala:1419)
	at sbt.Classpaths$$anonfun$updateTask$1.apply(Defaults.scala:1348)
	at sbt.Classpaths$$anonfun$updateTask$1.apply(Defaults.scala:1310)
	at scala.Function1$$anonfun$compose$1.apply(Function1.scala:47)
	at sbt.$tilde$greater$$anonfun$$u2219$1.apply(TypeFunctions.scala:40)
	at sbt.std.Transform$$anon$4.work(System.scala:63)
	at sbt.Execute$$anonfun$submit$1$$anonfun$apply$1.apply(Execute.scala:226)
	at sbt.Execute$$anonfun$submit$1$$anonfun$apply$1.apply(Execute.scala:226)
	at sbt.ErrorHandling$.wideConvert(ErrorHandling.scala:17)
	at sbt.Execute.work(Execute.scala:235)
	at sbt.Execute$$anonfun$submit$1.apply(Execute.scala:226)
	at sbt.Execute$$anonfun$submit$1.apply(Execute.scala:226)
	at sbt.ConcurrentRestrictions$$anon$4$$anonfun$1.apply(ConcurrentRestrictions.scala:159)
	at sbt.CompletionService$$anon$2.call(CompletionService.scala:28)
	at java.util.concurrent.FutureTask.run(FutureTask.java:266)
	at java.util.concurrent.Executors$RunnableAdapter.call(Executors.java:511)
	at java.util.concurrent.FutureTask.run(FutureTask.java:266)
	at java.util.concurrent.ThreadPoolExecutor.runWorker(ThreadPoolExecutor.java:1142)
	at java.util.concurrent.ThreadPoolExecutor$Worker.run(ThreadPoolExecutor.java:617)
	at java.lang.Thread.run(Thread.java:745)
[error] (*:update) sbt.ResolveException: download failed: org.scala-sbt#control;0.13.8-M3!control.jar
[error] download failed: org.scala-sbt#collections;0.13.8-M3!collections.jar
(*:update) sbt.ResolveException: download failed: org.scala-sbt#control;0.13.8-M3!control.jar
download failed: org.scala-sbt#collections;0.13.8-M3!collections.jar
> load-failed
Failed to load project.
> server-wait-for-reboot
